Tue, 20 Oct 2020 12:58:59 GMT - Info - Server is running on port: 3000
Tue, 20 Oct 2020 12:59:08 GMT - Info - Server is running on port: 3000
Tue, 20 Oct 2020 12:59:11 GMT - Info - Server is running on port: 3000
Tue, 20 Oct 2020 12:59:15 GMT - Info - Server is running on port: 3000
Tue, 20 Oct 2020 12:59:18 GMT - Info - Server is running on port: 3000
Tue, 20 Oct 2020 12:59:22 GMT - Info - Server is running on port: 3000
Tue, 20 Oct 2020 12:59:26 GMT - Info - Server is running on port: 3000
Tue, 20 Oct 2020 12:59:34 GMT - Info - Server is running on port: 3000
Tue, 20 Oct 2020 12:59:36 GMT - Info - Server is running on port: 3000
Tue, 20 Oct 2020 12:59:41 GMT - Info - Server is running on port: 3000
Tue, 20 Oct 2020 12:59:44 GMT - Info - Server is running on port: 3000
Tue, 20 Oct 2020 12:59:46 GMT - Info - Server is running on port: 3000
Tue, 20 Oct 2020 12:59:48 GMT - Info - Server is running on port: 3000
Tue, 20 Oct 2020 12:59:51 GMT - Info - Server is running on port: 3000
Tue, 20 Oct 2020 12:59:59 GMT - Info - Server is running on port: 3000
Tue, 20 Oct 2020 13:00:04 GMT - Info - Server is running on port: 3000
Tue, 20 Oct 2020 13:00:12 GMT - Info - Server is running on port: 3000
Tue, 20 Oct 2020 13:00:36 GMT - Info - Server is running on port: 3000
Tue, 20 Oct 2020 13:00:42 GMT - Info - Server is running on port: 3000
Tue, 20 Oct 2020 13:00:46 GMT - Info - Server is running on port: 3000
Tue, 20 Oct 2020 13:00:48 GMT - Info - Server is running on port: 3000
Tue, 20 Oct 2020 13:01:37 GMT - Info - Server is running on port: 3000
Tue, 20 Oct 2020 13:01:43 GMT - Info - Server is running on port: 3000
Tue, 20 Oct 2020 13:01:51 GMT - Info - Server is running on port: 3000
Tue, 20 Oct 2020 13:02:04 GMT - Info - Server is running on port: 3000
Tue, 20 Oct 2020 13:02:10 GMT - Info - Server is running on port: 3000
Tue, 20 Oct 2020 13:02:14 GMT - Info - Server is running on port: 3000
Tue, 20 Oct 2020 13:02:17 GMT - Info - Server is running on port: 3000
Tue, 20 Oct 2020 13:02:21 GMT - Info - Server is running on port: 3000
Tue, 20 Oct 2020 13:02:28 GMT - Info - Server is running on port: 3000
Tue, 20 Oct 2020 13:02:32 GMT - Info - Server is running on port: 3000
Tue, 20 Oct 2020 13:02:44 GMT - Info - Server is running on port: 3000
Tue, 20 Oct 2020 13:02:53 GMT - Info - Server is running on port: 3000
<<<<<<< HEAD
Tue, 20 Oct 2020 13:08:16 GMT - Info - Server is running on port: 3000
Tue, 20 Oct 2020 13:24:41 GMT - Debug - auth.service - signup with email: maorba6@gmail.com
Tue, 20 Oct 2020 13:24:45 GMT - Debug - auth.service - signup with email: maorba6@gmail.com
Tue, 20 Oct 2020 13:24:53 GMT - Debug - auth.service - signup with email: maorba6@walla.com
Tue, 20 Oct 2020 13:24:54 GMT - Error - [SIGNUP] Error: secretOrPrivateKey must have a value
Tue, 20 Oct 2020 13:24:58 GMT - Debug - auth.service - signup with email: maorba6@walla.com
Tue, 20 Oct 2020 13:25:00 GMT - Debug - auth.service - signup with email: maorba6@walla.com
Tue, 20 Oct 2020 13:26:59 GMT - Debug - auth.service - signup with email: maorba6@walla.com
Tue, 20 Oct 2020 13:27:00 GMT - Error - [SIGNUP] Error: secretOrPrivateKey must have a value
Tue, 20 Oct 2020 13:27:20 GMT - Debug - auth.service - signup with email: maorba6@walla.com
Tue, 20 Oct 2020 13:28:00 GMT - Debug - auth.service - signup with email: maorba6@walla.com
Tue, 20 Oct 2020 13:28:00 GMT - Error - [SIGNUP] Error: secretOrPrivateKey must have a value
Tue, 20 Oct 2020 13:28:28 GMT - Debug - auth.service - signup with email: maorba6@gmail.com
Tue, 20 Oct 2020 13:28:29 GMT - Error - [SIGNUP] Error: secretOrPrivateKey must have a value
Tue, 20 Oct 2020 13:30:35 GMT - Debug - auth.service - signup with email: maorba6@walla.com
Tue, 20 Oct 2020 13:30:35 GMT - Error - [SIGNUP] Error: secretOrPrivateKey must have a value
=======
Tue, 20 Oct 2020 13:04:01 GMT - Info - Server is running on port: 3000
Tue, 20 Oct 2020 13:04:03 GMT - Info - Server is running on port: 3000
Tue, 20 Oct 2020 13:04:06 GMT - Info - Server is running on port: 3000
Tue, 20 Oct 2020 13:04:10 GMT - Info - Server is running on port: 3000
Tue, 20 Oct 2020 13:04:15 GMT - Info - Server is running on port: 3000
Tue, 20 Oct 2020 13:04:18 GMT - Info - Server is running on port: 3000
Tue, 20 Oct 2020 13:11:02 GMT - Debug - auth.service - signup with email: ikill499@gmail.com
Tue, 20 Oct 2020 13:11:41 GMT - Info - Server is running on port: 3000
Tue, 20 Oct 2020 13:11:44 GMT - Info - Server is running on port: 3000
Tue, 20 Oct 2020 13:11:48 GMT - Info - Server is running on port: 3000
Tue, 20 Oct 2020 13:12:05 GMT - Info - Server is running on port: 3000
Tue, 20 Oct 2020 13:12:48 GMT - Info - Server is running on port: 3000
Tue, 20 Oct 2020 13:12:49 GMT - Info - Server is running on port: 3000
Tue, 20 Oct 2020 13:16:47 GMT - Info - Server is running on port: 3000
Tue, 20 Oct 2020 13:17:10 GMT - Info - Server is running on port: 3000
Tue, 20 Oct 2020 13:17:48 GMT - Info - Server is running on port: 3000
Tue, 20 Oct 2020 13:19:32 GMT - Info - Server is running on port: 3000
Tue, 20 Oct 2020 13:20:02 GMT - Info - Server is running on port: 3000
Tue, 20 Oct 2020 13:20:04 GMT - Info - Server is running on port: 3000
Tue, 20 Oct 2020 13:20:18 GMT - Info - Server is running on port: 3000
Tue, 20 Oct 2020 13:20:25 GMT - Info - Server is running on port: 3000
Tue, 20 Oct 2020 13:23:44 GMT - Debug - auth.service - signup with email: ikill499@gmail.com
Tue, 20 Oct 2020 13:25:51 GMT - Debug - auth.service - signup with email: maorba6@walla.com
Tue, 20 Oct 2020 13:29:01 GMT - Debug - auth.service - signup with email: ikill499@gmail.com
Tue, 20 Oct 2020 13:29:37 GMT - Debug - auth.service - signup with email: maorba6@walla.com
Tue, 20 Oct 2020 13:30:10 GMT - Debug - auth.service - signup with email: maorba6@gmail.com
<<<<<<< HEAD
>>>>>>> 1c4ee136131008a84fd833fdccfb600c136b8a78
Tue, 20 Oct 2020 13:32:21 GMT - Info - Server is running on port: 3000
Tue, 20 Oct 2020 17:52:40 GMT - Debug - auth.service - signup with email: maorba6@walla.com
Tue, 20 Oct 2020 17:52:41 GMT - Error - [SIGNUP] Error: secretOrPrivateKey must have a value
Tue, 20 Oct 2020 18:32:18 GMT - Debug - auth.service - signup with email: maorba6@walla.com
Tue, 20 Oct 2020 18:32:18 GMT - Error - [SIGNUP] Error: secretOrPrivateKey must have a value
Tue, 20 Oct 2020 18:32:28 GMT - Debug - auth.service - signup with email: maorba6@walla.com
=======
Tue, 20 Oct 2020 13:47:50 GMT - Info - Server is running on port: 3000
Tue, 20 Oct 2020 17:44:57 GMT - Info - Server is running on port: 3000
Tue, 20 Oct 2020 17:53:37 GMT - Debug - auth.service - signup with email: maorba6@walla.com
Tue, 20 Oct 2020 17:54:02 GMT - Debug - auth.service - signup with email: maorba6@gmail.com
Tue, 20 Oct 2020 17:57:03 GMT - Info - Server is running on port: 3000
Tue, 20 Oct 2020 17:57:08 GMT - Info - Server is running on port: 3000
Tue, 20 Oct 2020 17:57:13 GMT - Info - Server is running on port: 3000
Tue, 20 Oct 2020 17:57:56 GMT - Debug - auth.service - signup with email: ikill499@gmail.com
Tue, 20 Oct 2020 18:01:34 GMT - Info - Server is running on port: 3000
Tue, 20 Oct 2020 18:01:39 GMT - Info - Server is running on port: 3000
Tue, 20 Oct 2020 18:02:04 GMT - Debug - auth.service - signup with email: ikill499@gmail.com
Tue, 20 Oct 2020 18:04:05 GMT - Debug - auth.service - signup with email: ikill499@gmail.com
Tue, 20 Oct 2020 18:05:33 GMT - Debug - auth.service - signup with email: ikill499@gmail.com
Tue, 20 Oct 2020 18:06:15 GMT - Debug - auth.service - signup with email: ikill499@gmail.com
Tue, 20 Oct 2020 18:07:07 GMT - Info - Server is running on port: 3000
Tue, 20 Oct 2020 18:07:30 GMT - Debug - auth.service - signup with email: ikill499@gmail.com
Tue, 20 Oct 2020 18:08:23 GMT - Info - Server is running on port: 3000
Tue, 20 Oct 2020 18:08:30 GMT - Info - Server is running on port: 3000
Tue, 20 Oct 2020 18:08:32 GMT - Info - Server is running on port: 3000
Tue, 20 Oct 2020 18:08:34 GMT - Info - Server is running on port: 3000
Tue, 20 Oct 2020 18:08:36 GMT - Info - Server is running on port: 3000
Tue, 20 Oct 2020 18:08:38 GMT - Info - Server is running on port: 3000
Tue, 20 Oct 2020 18:08:41 GMT - Info - Server is running on port: 3000
Tue, 20 Oct 2020 18:08:47 GMT - Info - Server is running on port: 3000
Tue, 20 Oct 2020 18:08:48 GMT - Info - Server is running on port: 3000
Tue, 20 Oct 2020 18:09:07 GMT - Info - Server is running on port: 3000
Tue, 20 Oct 2020 18:09:11 GMT - Info - Server is running on port: 3000
Tue, 20 Oct 2020 18:09:25 GMT - Info - Server is running on port: 3000
Tue, 20 Oct 2020 18:11:04 GMT - Debug - auth.service - signup with email: ikill499@gmail.com
Tue, 20 Oct 2020 18:11:04 GMT - Error - [SIGNUP] TypeError: Cannot read property 'user' of undefined
Tue, 20 Oct 2020 18:11:39 GMT - Debug - auth.service - signup with email: maorba6@gmail.com
Tue, 20 Oct 2020 18:11:40 GMT - Error - [SIGNUP] TypeError: Cannot read property 'user' of undefined
Tue, 20 Oct 2020 18:11:59 GMT - Debug - auth.service - signup with email: maorba6@walla.com
Tue, 20 Oct 2020 18:12:00 GMT - Error - [SIGNUP] TypeError: Cannot read property 'user' of undefined
Tue, 20 Oct 2020 18:12:11 GMT - Debug - auth.service - signup with email: ikill499@gmail.com
Tue, 20 Oct 2020 18:12:12 GMT - Error - [SIGNUP] TypeError: Cannot read property 'user' of undefined
Tue, 20 Oct 2020 18:16:32 GMT - Info - Server is running on port: 3000
Tue, 20 Oct 2020 18:16:54 GMT - Info - Server is running on port: 3000
Tue, 20 Oct 2020 18:16:56 GMT - Info - Server is running on port: 3000
Tue, 20 Oct 2020 18:18:40 GMT - Debug - auth.service - signup with email: ikill499@gmail.com
Tue, 20 Oct 2020 18:18:42 GMT - Error - [SIGNUP] TypeError: Cannot read property 'user' of undefined
Tue, 20 Oct 2020 18:22:37 GMT - Info - Server is running on port: 3000
Tue, 20 Oct 2020 18:23:02 GMT - Info - Server is running on port: 3000
Tue, 20 Oct 2020 18:23:35 GMT - Info - Server is running on port: 3000
Tue, 20 Oct 2020 18:24:02 GMT - Debug - auth.service - signup with email: ikill499@gmail.com
Tue, 20 Oct 2020 18:24:04 GMT - Error - [SIGNUP] TypeError: Cannot read property 'user' of undefined
Tue, 20 Oct 2020 18:25:00 GMT - Info - Server is running on port: 3000
Tue, 20 Oct 2020 18:25:02 GMT - Info - Server is running on port: 3000
Tue, 20 Oct 2020 18:25:04 GMT - Info - Server is running on port: 3000
Tue, 20 Oct 2020 18:25:33 GMT - Debug - auth.service - signup with email: ikill499@gmail.com
Tue, 20 Oct 2020 18:25:49 GMT - Debug - auth.service - signup with email: grdgrdgrdgdrgd@fesf
Tue, 20 Oct 2020 18:25:50 GMT - Error - [SIGNUP] TypeError: Cannot read property 'user' of undefined
Tue, 20 Oct 2020 18:26:11 GMT - Info - Server is running on port: 3000
Tue, 20 Oct 2020 18:26:27 GMT - Debug - auth.service - signup with email: grddxgdrgd@fesf
Tue, 20 Oct 2020 18:26:29 GMT - Error - [SIGNUP] TypeError: Cannot read property 'user' of undefined
Tue, 20 Oct 2020 18:26:54 GMT - Info - Server is running on port: 3000
Tue, 20 Oct 2020 18:26:57 GMT - Debug - auth.service - signup with email: dgdrgd@fesf
Tue, 20 Oct 2020 18:27:43 GMT - Debug - auth.service - signup with email: ikill499@gmail.com
Tue, 20 Oct 2020 18:28:07 GMT - Debug - auth.service - signup with email: maorba6@walla.com
<<<<<<< HEAD
>>>>>>> 730ad1fd01a2e2c2d2e1673b9eb43c53e0c2a535
Tue, 20 Oct 2020 18:32:51 GMT - Info - Server is running on port: 3000
Tue, 20 Oct 2020 18:32:51 GMT - Debug - auth.service - signup with email: maorba6@walla.com
Tue, 20 Oct 2020 18:32:53 GMT - Error - [SIGNUP] Error: secretOrPrivateKey must have a value
Tue, 20 Oct 2020 18:33:23 GMT - Debug - auth.service - signup with email: maorba6@walla.com
Tue, 20 Oct 2020 18:33:23 GMT - Error - [SIGNUP] Error: secretOrPrivateKey must have a value
Tue, 20 Oct 2020 18:34:48 GMT - Debug - auth.service - signup with email: maorba6@walla.com
Tue, 20 Oct 2020 18:34:48 GMT - Error - [SIGNUP] Error: secretOrPrivateKey must have a value
Tue, 20 Oct 2020 18:35:52 GMT - Debug - auth.service - signup with email: maorba6@walla.com
Tue, 20 Oct 2020 18:35:52 GMT - Error - [SIGNUP] Error: secretOrPrivateKey must have a value
Tue, 20 Oct 2020 18:36:00 GMT - Debug - auth.service - signup with email: maorba6@gmail.com
Tue, 20 Oct 2020 18:36:00 GMT - Error - [SIGNUP] Error: secretOrPrivateKey must have a value
Tue, 20 Oct 2020 19:10:06 GMT - Info - Server is running on port: 3000
Sun, 25 Oct 2020 08:17:12 GMT - Info - Server is running on port: 3000
=======
Tue, 20 Oct 2020 18:36:54 GMT - Debug - auth.service - signup with email: maorba6@walla.com
Tue, 20 Oct 2020 19:02:11 GMT - Info - Server is running on port: 3000
Wed, 21 Oct 2020 13:11:52 GMT - Info - Server is running on port: 3000
Wed, 21 Oct 2020 13:40:05 GMT - Info - Server is running on port: 3000
Thu, 22 Oct 2020 09:47:06 GMT - Info - Server is running on port: 3000
Thu, 22 Oct 2020 21:38:54 GMT - Info - Server is running on port: 3000
Thu, 22 Oct 2020 21:40:21 GMT - Debug - auth.service - signup with email: ikill499@gmail.com
Thu, 22 Oct 2020 21:40:22 GMT - Error - [SIGNUP] Error: secretOrPrivateKey must have a value
Thu, 22 Oct 2020 21:42:23 GMT - Info - Server is running on port: 3000
Thu, 22 Oct 2020 21:42:30 GMT - Info - Server is running on port: 3000
Thu, 22 Oct 2020 21:45:52 GMT - Info - Server is running on port: 3000
Thu, 22 Oct 2020 21:46:20 GMT - Debug - auth.service - signup with email: ikill499@gmail.com
Thu, 22 Oct 2020 21:46:22 GMT - Error - [SIGNUP] Error: secretOrPrivateKey must have a value
Thu, 22 Oct 2020 21:48:56 GMT - Debug - auth.service - signup with email: ikill499@gmail.com
Thu, 22 Oct 2020 21:48:57 GMT - Error - [SIGNUP] Error: secretOrPrivateKey must have a value
Thu, 22 Oct 2020 21:49:16 GMT - Info - Server is running on port: 3000
Thu, 22 Oct 2020 21:49:19 GMT - Info - Server is running on port: 3000
Thu, 22 Oct 2020 21:49:30 GMT - Info - Server is running on port: 3000
Thu, 22 Oct 2020 21:49:37 GMT - Info - Server is running on port: 3000
Thu, 22 Oct 2020 21:49:38 GMT - Info - Server is running on port: 3000
Thu, 22 Oct 2020 21:49:56 GMT - Debug - auth.service - signup with email: ikill499@gmail.com
Thu, 22 Oct 2020 21:49:57 GMT - Error - [SIGNUP] Error: secretOrPrivateKey must have a value
Thu, 22 Oct 2020 21:50:38 GMT - Debug - auth.service - signup with email: ikill499@gmail.com
Thu, 22 Oct 2020 21:50:38 GMT - Error - [SIGNUP] Error: secretOrPrivateKey must have a value
Thu, 22 Oct 2020 21:51:25 GMT - Info - Server is running on port: 3000
Thu, 22 Oct 2020 21:51:32 GMT - Debug - auth.service - signup with email: adi@gmail.com
Thu, 22 Oct 2020 21:52:09 GMT - Debug - auth.service - signup with email: ikill499@gmail.com
Thu, 22 Oct 2020 21:52:50 GMT - Info - Server is running on port: 3000
Thu, 22 Oct 2020 21:55:43 GMT - Info - Server is running on port: 3000
Fri, 23 Oct 2020 08:32:16 GMT - Info - Server is running on port: 3000
Fri, 23 Oct 2020 08:33:57 GMT - Debug - auth.service - signup with email: ikill499@gmail.com
Fri, 23 Oct 2020 09:45:55 GMT - Info - Server is running on port: 3000
Fri, 23 Oct 2020 09:47:07 GMT - Info - Server is running on port: 3000
Fri, 23 Oct 2020 09:47:12 GMT - Info - Server is running on port: 3000
Fri, 23 Oct 2020 09:47:13 GMT - Info - Server is running on port: 3000
Sat, 24 Oct 2020 06:54:14 GMT - Info - Server is running on port: 3000
Sat, 24 Oct 2020 06:55:20 GMT - Info - Server is running on port: 3000
Sat, 24 Oct 2020 06:55:21 GMT - Info - Server is running on port: 3000
Sat, 24 Oct 2020 06:56:39 GMT - Info - Server is running on port: 3000
Sat, 24 Oct 2020 06:57:20 GMT - Info - Server is running on port: 3000
Sat, 24 Oct 2020 06:57:21 GMT - Info - Server is running on port: 3000
Sat, 24 Oct 2020 06:58:33 GMT - Info - Server is running on port: 3000
Sat, 24 Oct 2020 06:59:49 GMT - Info - Server is running on port: 3000
Sat, 24 Oct 2020 06:59:59 GMT - Info - Server is running on port: 3000
Sat, 24 Oct 2020 07:00:09 GMT - Info - Server is running on port: 3001
Sat, 24 Oct 2020 07:00:29 GMT - Info - Server is running on port: 3000
Sat, 24 Oct 2020 07:01:36 GMT - Info - Server is running on port: 3000
Sat, 24 Oct 2020 07:17:02 GMT - Info - Server is running on port: 3000
Sat, 24 Oct 2020 07:17:34 GMT - Info - Server is running on port: 3000
Sat, 24 Oct 2020 13:02:27 GMT - Info - Server is running on port: 3000
Sat, 24 Oct 2020 13:03:15 GMT - Info - Server is running on port: 3000
Sat, 24 Oct 2020 13:05:19 GMT - Info - Server is running on port: 3000
Sat, 24 Oct 2020 14:56:06 GMT - Info - Server is running on port: 3000
Sat, 24 Oct 2020 14:59:16 GMT - Info - Server is running on port: 3000
Sat, 24 Oct 2020 14:59:40 GMT - Info - Server is running on port: 3000
Sat, 24 Oct 2020 15:00:02 GMT - Info - Server is running on port: 3000
Sat, 24 Oct 2020 16:26:22 GMT - Info - Server is running on port: 3000
Sun, 25 Oct 2020 07:10:44 GMT - Info - Server is running on port: 3000
Sun, 25 Oct 2020 07:11:58 GMT - Debug - auth.service - signup with email: ikill499@gmail.com
Sun, 25 Oct 2020 07:16:41 GMT - Info - Server is running on port: 3000
Sun, 25 Oct 2020 07:19:38 GMT - Info - Server is running on port: 3000
Sun, 25 Oct 2020 07:22:02 GMT - Info - Server is running on port: 3000
Sun, 25 Oct 2020 07:22:09 GMT - Info - Server is running on port: 3000
Sun, 25 Oct 2020 07:24:49 GMT - Info - Server is running on port: 3000
Sun, 25 Oct 2020 07:25:05 GMT - Info - Server is running on port: 3000
Sun, 25 Oct 2020 07:25:09 GMT - Info - Server is running on port: 3000
Sun, 25 Oct 2020 07:25:12 GMT - Info - Server is running on port: 3000
Sun, 25 Oct 2020 07:25:18 GMT - Info - Server is running on port: 3000
Sun, 25 Oct 2020 07:25:19 GMT - Info - Server is running on port: 3000
Sun, 25 Oct 2020 07:25:29 GMT - Debug - auth.service - signup with email: ikill499@gmail.com
>>>>>>> 274b7e2bd79ccfea705abc9c79c7685f9b800130
Sun, 25 Oct 2020 08:32:08 GMT - Info - Server is running on port: 3000
Sun, 25 Oct 2020 16:07:54 GMT - Info - Server is running on port: 3000
Mon, 04 Jan 2021 07:49:48 GMT - Info - Server is running on port: 3000
Mon, 04 Jan 2021 07:57:08 GMT - Info - Server is running on port: 3000
Sun, 10 Jan 2021 10:49:43 GMT - Info - Server is running on port: 3000
Sun, 10 Jan 2021 10:50:45 GMT - Info - Server is running on port: 3000
Sun, 10 Jan 2021 10:51:03 GMT - Info - Server is running on port: 3000
Sun, 10 Jan 2021 10:52:09 GMT - Info - Server is running on port: 5000
Sun, 10 Jan 2021 10:52:17 GMT - Info - Server is running on port: 5000
Sun, 10 Jan 2021 10:52:26 GMT - Info - Server is running on port: 5000
Sun, 10 Jan 2021 10:53:14 GMT - Info - Server is running on port: 5000
Sun, 10 Jan 2021 10:53:31 GMT - Info - Server is running on port: 5000
Sun, 10 Jan 2021 10:55:28 GMT - Info - Server is running on port: 5000
Sun, 10 Jan 2021 10:56:38 GMT - Info - Server is running on port: 3000
Sun, 10 Jan 2021 10:56:54 GMT - Info - Server is running on port: 5000
Sun, 10 Jan 2021 10:57:24 GMT - Info - Server is running on port: 5000
Sun, 10 Jan 2021 10:57:39 GMT - Info - Server is running on port: 5000
